0 info it worked if it ends with ok
1 verbose cli [ 'C:\\Program Files\\nodejs\\node.exe',
1 verbose cli   'C:\\Program Files\\nodejs\\node_modules\\npm\\bin\\npm-cli.js',
1 verbose cli   'run',
1 verbose cli   'dev' ]
2 info using npm@3.10.10
3 info using node@v6.9.3
4 verbose run-script [ 'predev', 'dev', 'postdev' ]
5 info lifecycle gol@1.0.0~predev: gol@1.0.0
6 silly lifecycle gol@1.0.0~predev: no script for predev, continuing
7 info lifecycle gol@1.0.0~dev: gol@1.0.0
8 verbose lifecycle gol@1.0.0~dev: unsafe-perm in lifecycle true
9 verbose lifecycle gol@1.0.0~dev: PATH: C:\Program Files\nodejs\node_modules\npm\bin\node-gyp-bin;C:\folder\new\gol\node_modules\.bin;C:\Users\Administrator\AppData\Roaming\npm;C:\Program Files\nodejs\;C:\Python27\;C:\Python27\Scripts;C:\Program Files (x86)\Python36-32\Lib;C:\Program Files (x86)\Python36-32\DLLs;C:\Program Files (x86)\Python36-32\Scripts\;C:\Program Files (x86)\Python36-32\;C:\Ruby22\bin;C:\ProgramData\Oracle\Java\javapath;C:\Python33\;C:\oraclexe\app\oracle\product\11.2.0\server\bin;C:\Program Files\Common Files\Microsoft Shared\Windows Live;C:\Program Files (x86)\Common Files\Microsoft Shared\Windows Live;C:\Windows\system32;C:\Windows;C:\Windows\System32\Wbem;C:\Windows\System32\WindowsPowerShell\v1.0\;C:\Program Files (x86)\Windows Live\Shared;C:\apache-ant-1.8.2\bin;c:\Program Files (x86)\Microsoft SQL Server\90\Tools\binn\;c:\Program Files (x86)\Microsoft ASP.NET\ASP.NET Web Pages\v1.0\;C:\Program Files\Microsoft\Web Platform Installer\;C:\Program Files (x86)\Calibre2\;C:\Program Files (x86)\apache-maven-3.3.1\bin;C:\protobuf-2.5.0\protobuf-2.5.0\src;C:\music-synthesizer-for-android\core\bin;C:\Program Files (x86)\Git\bin;C:\Program Files\Java\jdk1.8.0_05\bin;C:\Program Files (x86)\Sk;C:\Users\Administrator\AppData\Roaming\nvm;C:\Program Files\nodejs;C:\Users\Administrator\AppData\Roaming\nvm;C:\Program Files\nodejs\;C:\Python27\;C:\Python27\Scripts;C:\Program Files (x86)\Python36-32\Lib;C:\Program Files (x86)\Python36-32\DLLs;C:\Program Files (x86)\Python36-32\Scripts\;C:\Program Files (x86)\Python36-32\;C:\Ruby22\bin;C:\ProgramData\Oracle\Java\javapath;C:\Python33\;C:\oraclexe\app\oracle\product\11.2.0\server\bin;C:\Program Files\Common Files\Microsoft Shared\Windows Live;C:\Program Files (x86)\Common Files\Microsoft Shared\Windows Live;C:\Windows\system32;C:\Windows;C:\Windows\System32\Wbem;C:\Windows\System32\WindowsPowerShell\v1.0\;C:\Program Files (x86)\Windows Live\Shared;C:\apache-ant-1.8.2\bin;c:\Program Files (x86)\Microsoft SQL Server\90\Tools\binn\;c:\Program Files (x86)\Microsoft ASP.NET\ASP.NET Web Pages\v1.0\;C:\Program Files\Microsoft\Web Platform Installer\;C:\Program Files (x86)\Calibre2\;C:\Program Files (x86)\apache-maven-3.3.1\bin;C:\protobuf-2.5.0\protobuf-2.5.0\src;C:\music-synthesizer-for-android\core\bin;C:\Program Files (x86)\Git\bin;C:\Program Files\Java\jdk1.8.0_05\bin;C:\Program Files (x86)\Sk;C:\Users\Administrator\AppData\Roaming\nvm;C:\Program Files\nodejs;C:\Program Files\nodejs\;C:\chocolatey\bin;C:\tools\bat;C:\tools\cmd;C:\Program Files (x86)\MiKTeX 2.9\miktex\bin\;C:\tools;C:\Program Files (x86)\Microsoft SDKs\TypeScript\1.4\;C:\tools\heroku\bin;C:\Program Files (x86)\Git\cmd;C:\tools\nodejs\;C:\tools\ruby22\bin;C:\Chocolatey\bin;C:\Cygwin;C:\Program Files (x86)\scala\bin;C:\Program Files (x86)\sbt\bin;C:\tools\cmder;C:\HashiCorp\Vagrant\bin;C:\python;C:\python\scripts;C:\Program Files (x86)\Skype\Phone\;C:\Users\Administrator\AppData\Local\Spoon\Cmd;C:\Python34\;C:\Python34\Scripts;C:\wget;C:\Windows\SysWOW64\Wbem;C:\Windows\SysWOW64\WindowsPowerShell\v1.0\;C:\Program Files (x86)\Spoon\Cmd;C:\Program Files (x86)\7-Zip;C:\Users\Administrator\AppData\Roaming\npm;C:\Users\Administrator\AppData\Local\now-cli;C:\Program Files (x86)\EaseUS\Todo Backup\bin\x64\
10 verbose lifecycle gol@1.0.0~dev: CWD: C:\folder\new\gol
11 silly lifecycle gol@1.0.0~dev: Args: [ '/d /s /c', 'next' ]
12 verbose stack Error: kill ENOSYS
12 verbose stack     at exports._errnoException (util.js:1022:11)
12 verbose stack     at process.kill (internal/process.js:172:13)
12 verbose stack     at process.listener (C:\Program Files\nodejs\node_modules\npm\node_modules\npmlog\node_modules\gauge\node_modules\signal-exit\index.js:86:15)
12 verbose stack     at emitNone (events.js:91:20)
12 verbose stack     at process.emit (events.js:185:7)
12 verbose stack     at processEmit (C:\Program Files\nodejs\node_modules\npm\node_modules\npmlog\node_modules\gauge\node_modules\signal-exit\index.js:146:32)
12 verbose stack     at processEmit (C:\Program Files\nodejs\node_modules\npm\node_modules\npm-registry-client\node_modules\npmlog\node_modules\gauge\node_modules\signal-exit\index.js:146:32)
12 verbose stack     at Signal.wrap.onsignal (internal/process.js:199:44)
13 verbose cwd C:\folder\new\gol
14 error Windows_NT 6.1.7601
15 error argv "C:\\Program Files\\nodejs\\node.exe" "C:\\Program Files\\nodejs\\node_modules\\npm\\bin\\npm-cli.js" "run" "dev"
16 error node v6.9.3
17 error npm  v3.10.10
18 error code ENOSYS
19 error errno ENOSYS
20 error syscall kill
21 error kill ENOSYS
22 error If you need help, you may report this error at:
22 error     <https://github.com/npm/npm/issues>
23 verbose exit [ 1, true ]
